29-Dec-2024 15:32:50.562 INFORMACIÓN [main] org.apache.catalina.startup.VersionLoggerListener.log Nombre de la versión del servidor: Apache Tomcat/9.0.98
29-Dec-2024 15:32:50.562 INFORMACIÓN [main] org.apache.catalina.startup.VersionLoggerListener.log Server built:                      Dec 5 2024 19:50:29 UTC
29-Dec-2024 15:32:50.562 INFORMACIÓN [main] org.apache.catalina.startup.VersionLoggerListener.log Número de versión de servidor:     9.0.98.0
29-Dec-2024 15:32:50.562 INFORMACIÓN [main] org.apache.catalina.startup.VersionLoggerListener.log OS Name:                           Windows 11
29-Dec-2024 15:32:50.562 INFORMACIÓN [main] org.apache.catalina.startup.VersionLoggerListener.log Versión de Systema Operativo:      10.0
29-Dec-2024 15:32:50.562 INFORMACIÓN [main] org.apache.catalina.startup.VersionLoggerListener.log Arquitectura:                      x86
29-Dec-2024 15:32:50.562 INFORMACIÓN [main] org.apache.catalina.startup.VersionLoggerListener.log Java Home:                         C:\java\jdk8\jre
29-Dec-2024 15:32:50.562 INFORMACIÓN [main] org.apache.catalina.startup.VersionLoggerListener.log JVM Version:                       1.8.0_401-b10
29-Dec-2024 15:32:50.562 INFORMACIÓN [main] org.apache.catalina.startup.VersionLoggerListener.log Vededor JVM:                       Oracle Corporation
29-Dec-2024 15:32:50.562 INFORMACIÓN [main] org.apache.catalina.startup.VersionLoggerListener.log CATALINA_BASE:                     C:\apache\tomcat\catalina_bases\tomcat9_userguide_step2_v2
29-Dec-2024 15:32:50.562 INFORMACIÓN [main] org.apache.catalina.startup.VersionLoggerListener.log CATALINA_HOME:                     C:\apache\tomcat\apache-tomcat-9.0.98
29-Dec-2024 15:32:50.562 INFORMACIÓN [main] org.apache.catalina.startup.VersionLoggerListener.log Command line argument:             -Djava.util.logging.config.file=C:\apache\tomcat\catalina_bases\tomcat9_userguide_step2_v2\conf\logging.properties
29-Dec-2024 15:32:50.562 INFORMACIÓN [main] org.apache.catalina.startup.VersionLoggerListener.log Command line argument:             -Djava.util.logging.manager=org.apache.juli.ClassLoaderLogManager
29-Dec-2024 15:32:50.562 INFORMACIÓN [main] org.apache.catalina.startup.VersionLoggerListener.log Command line argument:             -Djdk.tls.ephemeralDHKeySize=2048
29-Dec-2024 15:32:50.562 INFORMACIÓN [main] org.apache.catalina.startup.VersionLoggerListener.log Command line argument:             -Djava.protocol.handler.pkgs=org.apache.catalina.webresources
29-Dec-2024 15:32:50.562 INFORMACIÓN [main] org.apache.catalina.startup.VersionLoggerListener.log Command line argument:             -Dignore.endorsed.dirs=
29-Dec-2024 15:32:50.562 INFORMACIÓN [main] org.apache.catalina.startup.VersionLoggerListener.log Command line argument:             -Dcatalina.base=C:\apache\tomcat\catalina_bases\tomcat9_userguide_step2_v2
29-Dec-2024 15:32:50.562 INFORMACIÓN [main] org.apache.catalina.startup.VersionLoggerListener.log Command line argument:             -Dcatalina.home=C:\apache\tomcat\apache-tomcat-9.0.98
29-Dec-2024 15:32:50.562 INFORMACIÓN [main] org.apache.catalina.startup.VersionLoggerListener.log Command line argument:             -Djava.io.tmpdir=C:\apache\tomcat\catalina_bases\tomcat9_userguide_step2_v2\temp
29-Dec-2024 15:32:50.562 INFORMACIÓN [main] org.apache.catalina.core.AprLifecycleListener.lifecycleEvent La biblioteca nativa de Apache Tomcat basada en ARP que permite un rendimiento óptimo en entornos de desarrollo no ha sido hallada en java.library.path: [C:\java\jdk8\jre\bin;C:\Windows\Sun\Java\bin;C:\Windows\system32;C:\Windows;C:\java\jdk8;C:\Windows\system32;C:\Windows;C:\Windows\System32\Wbem;C:\Windows\System32\WindowsPowerShell\v1.0\;C:\Windows\System32\OpenSSH\;C:\Program Files (x86)\Common Files\Oracle\Java\javapath;C:\Users\thoma\AppData\Local\Microsoft\WindowsApps;C:\java\jdk8;;.]
29-Dec-2024 15:32:50.813 INFORMACIÓN [main] org.apache.coyote.AbstractProtocol.init Inicializando el manejador de protocolo ["http-nio-8080"]

29-Dec-2024 15:32:50.829 INFORMACIÓN [main] org.apache.catalina.startup.Catalina.load Server initialization in [443] milliseconds
29-Dec-2024 15:32:50.845 GRAVE [main] org.apache.catalina.users.MemoryUserDatabase.open El usuario de base de datos especificado [conf/tomcat-users.xml] no pudo ser encontrado
29-Dec-2024 15:32:50.845 INFORMACIÓN [main] org.apache.catalina.core.StandardService.startInternal Arrancando servicio [Catalina]
29-Dec-2024 15:32:50.845 INFORMACIÓN [main] org.apache.catalina.core.StandardEngine.startInternal Starting Servlet engine: [Apache Tomcat/9.0.98]
29-Dec-2024 15:32:51.002 INFORMACIÓN [main] org.apache.catalina.startup.HostConfig.deployWAR Despliegue del archivo [C:\apache\tomcat\catalina_bases\tomcat9_userguide_step2_v2\webapps\sample.war] de la aplicación web
29-Dec-2024 15:32:51.458 INFORMACIÓN [main] org.apache.catalina.startup.HostConfig.deployWAR Deployment of web application archive [C:\apache\tomcat\catalina_bases\tomcat9_userguide_step2_v2\webapps\sample.war] has finished in [456] ms
29-Dec-2024 15:32:51.458 INFORMACIÓN [main] org.apache.catalina.startup.HostConfig.deployDirectory Desplegando el directorio [C:\apache\tomcat\catalina_bases\tomcat9_userguide_step2_v2\webapps\docs] de la aplicación web
29-Dec-2024 15:32:51.505 INFORMACIÓN [main] org.apache.catalina.startup.HostConfig.deployDirectory Deployment of web application directory [C:\apache\tomcat\catalina_bases\tomcat9_userguide_step2_v2\webapps\docs] has finished in [47] ms
29-Dec-2024 15:32:51.505 INFORMACIÓN [main] org.apache.catalina.startup.HostConfig.deployDirectory Desplegando el directorio [C:\apache\tomcat\catalina_bases\tomcat9_userguide_step2_v2\webapps\examples] de la aplicación web
29-Dec-2024 15:32:52.716 INFORMACIÓN [main] org.apache.catalina.startup.HostConfig.deployDirectory Deployment of web application directory [C:\apache\tomcat\catalina_bases\tomcat9_userguide_step2_v2\webapps\examples] has finished in [1.211] ms
29-Dec-2024 15:32:52.716 INFORMACIÓN [main] org.apache.catalina.startup.HostConfig.deployDirectory Desplegando el directorio [C:\apache\tomcat\catalina_bases\tomcat9_userguide_step2_v2\webapps\host-manager] de la aplicación web
29-Dec-2024 15:32:52.747 INFORMACIÓN [main] org.apache.catalina.startup.HostConfig.deployDirectory Deployment of web application directory [C:\apache\tomcat\catalina_bases\tomcat9_userguide_step2_v2\webapps\host-manager] has finished in [31] ms
29-Dec-2024 15:32:52.747 INFORMACIÓN [main] org.apache.catalina.startup.HostConfig.deployDirectory Desplegando el directorio [C:\apache\tomcat\catalina_bases\tomcat9_userguide_step2_v2\webapps\manager] de la aplicación web
29-Dec-2024 15:32:52.779 INFORMACIÓN [main] org.apache.catalina.startup.HostConfig.deployDirectory Deployment of web application directory [C:\apache\tomcat\catalina_bases\tomcat9_userguide_step2_v2\webapps\manager] has finished in [32] ms
29-Dec-2024 15:32:52.779 INFORMACIÓN [main] org.apache.catalina.startup.HostConfig.deployDirectory Desplegando el directorio [C:\apache\tomcat\catalina_bases\tomcat9_userguide_step2_v2\webapps\ROOT] de la aplicación web
29-Dec-2024 15:32:52.795 INFORMACIÓN [main] org.apache.catalina.startup.HostConfig.deployDirectory Deployment of web application directory [C:\apache\tomcat\catalina_bases\tomcat9_userguide_step2_v2\webapps\ROOT] has finished in [16] ms
29-Dec-2024 15:32:52.810 INFORMACIÓN [main] org.apache.coyote.AbstractProtocol.start Starting ProtocolHandler ["http-nio-8080"]
29-Dec-2024 15:32:52.826 INFORMACIÓN [main] org.apache.catalina.startup.Catalina.start Server startup in [1998] milliseconds
29-Dec-2024 15:34:15.607 INFORMACIÓN [Thread-2] org.apache.coyote.AbstractProtocol.pause Pausing ProtocolHandler ["http-nio-8080"]
29-Dec-2024 15:34:16.196 INFORMACIÓN [Thread-2] org.apache.catalina.core.StandardService.stopInternal Parando servicio [Catalina]
29-Dec-2024 15:34:16.247 INFORMACIÓN [Thread-2] org.apache.coyote.AbstractProtocol.stop Stopping ProtocolHandler ["http-nio-8080"]
29-Dec-2024 15:34:16.271 INFORMACIÓN [Thread-2] org.apache.coyote.AbstractProtocol.destroy Destroying ProtocolHandler ["http-nio-8080"]
29-Dec-2024 16:04:55.990 INFORMACIÓN [main] org.apache.catalina.startup.VersionLoggerListener.log Nombre de la versión del servidor: Apache Tomcat/9.0.98
29-Dec-2024 16:04:55.990 INFORMACIÓN [main] org.apache.catalina.startup.VersionLoggerListener.log Server built:                      Dec 5 2024 19:50:29 UTC
29-Dec-2024 16:04:55.990 INFORMACIÓN [main] org.apache.catalina.startup.VersionLoggerListener.log Número de versión de servidor:     9.0.98.0
29-Dec-2024 16:04:55.990 INFORMACIÓN [main] org.apache.catalina.startup.VersionLoggerListener.log OS Name:                           Windows 11
29-Dec-2024 16:04:55.990 INFORMACIÓN [main] org.apache.catalina.startup.VersionLoggerListener.log Versión de Systema Operativo:      10.0
29-Dec-2024 16:04:55.990 INFORMACIÓN [main] org.apache.catalina.startup.VersionLoggerListener.log Arquitectura:                      x86
29-Dec-2024 16:04:55.990 INFORMACIÓN [main] org.apache.catalina.startup.VersionLoggerListener.log Java Home:                         C:\java\jdk8\jre
29-Dec-2024 16:04:55.990 INFORMACIÓN [main] org.apache.catalina.startup.VersionLoggerListener.log JVM Version:                       1.8.0_401-b10
29-Dec-2024 16:04:55.990 INFORMACIÓN [main] org.apache.catalina.startup.VersionLoggerListener.log Vededor JVM:                       Oracle Corporation
29-Dec-2024 16:04:55.990 INFORMACIÓN [main] org.apache.catalina.startup.VersionLoggerListener.log CATALINA_BASE:                     C:\apache\tomcat\catalina_bases\tomcat9_userguide_step2_v2
29-Dec-2024 16:04:55.990 INFORMACIÓN [main] org.apache.catalina.startup.VersionLoggerListener.log CATALINA_HOME:                     C:\apache\tomcat\apache-tomcat-9.0.98
29-Dec-2024 16:04:55.990 INFORMACIÓN [main] org.apache.catalina.startup.VersionLoggerListener.log Command line argument:             -Djava.util.logging.config.file=C:\apache\tomcat\catalina_bases\tomcat9_userguide_step2_v2\conf\logging.properties
29-Dec-2024 16:04:55.990 INFORMACIÓN [main] org.apache.catalina.startup.VersionLoggerListener.log Command line argument:             -Djava.util.logging.manager=org.apache.juli.ClassLoaderLogManager
29-Dec-2024 16:04:55.990 INFORMACIÓN [main] org.apache.catalina.startup.VersionLoggerListener.log Command line argument:             -Djdk.tls.ephemeralDHKeySize=2048
29-Dec-2024 16:04:56.005 INFORMACIÓN [main] org.apache.catalina.startup.VersionLoggerListener.log Command line argument:             -Djava.protocol.handler.pkgs=org.apache.catalina.webresources
29-Dec-2024 16:04:56.005 INFORMACIÓN [main] org.apache.catalina.startup.VersionLoggerListener.log Command line argument:             -Dignore.endorsed.dirs=
29-Dec-2024 16:04:56.005 INFORMACIÓN [main] org.apache.catalina.startup.VersionLoggerListener.log Command line argument:             -Dcatalina.base=C:\apache\tomcat\catalina_bases\tomcat9_userguide_step2_v2
29-Dec-2024 16:04:56.005 INFORMACIÓN [main] org.apache.catalina.startup.VersionLoggerListener.log Command line argument:             -Dcatalina.home=C:\apache\tomcat\apache-tomcat-9.0.98
29-Dec-2024 16:04:56.005 INFORMACIÓN [main] org.apache.catalina.startup.VersionLoggerListener.log Command line argument:             -Djava.io.tmpdir=C:\apache\tomcat\catalina_bases\tomcat9_userguide_step2_v2\temp
29-Dec-2024 16:04:56.005 INFORMACIÓN [main] org.apache.catalina.core.AprLifecycleListener.lifecycleEvent La biblioteca nativa de Apache Tomcat basada en ARP que permite un rendimiento óptimo en entornos de desarrollo no ha sido hallada en java.library.path: [C:\java\jdk8\jre\bin;C:\Windows\Sun\Java\bin;C:\Windows\system32;C:\Windows;C:\ProgramData\Oracle\Java\javapath;C:\java\jdk8;C:\Windows\system32;C:\Windows;C:\Windows\System32\Wbem;C:\Windows\System32\WindowsPowerShell\v1.0\;C:\Windows\System32\OpenSSH\;C:\Program Files (x86)\Common Files\Oracle\Java\javapath;C:\Users\thoma\AppData\Local\Microsoft\WindowsApps;C:\java\jdk8;;.]
29-Dec-2024 16:04:56.289 INFORMACIÓN [main] org.apache.coyote.AbstractProtocol.init Inicializando el manejador de protocolo ["http-nio-8080"]

29-Dec-2024 16:04:56.304 INFORMACIÓN [main] org.apache.catalina.startup.Catalina.load Server initialization in [462] milliseconds
29-Dec-2024 16:04:56.320 GRAVE [main] org.apache.catalina.users.MemoryUserDatabase.open El usuario de base de datos especificado [conf/tomcat-users.xml] no pudo ser encontrado
29-Dec-2024 16:04:56.336 INFORMACIÓN [main] org.apache.catalina.core.StandardService.startInternal Arrancando servicio [Catalina]
29-Dec-2024 16:04:56.336 INFORMACIÓN [main] org.apache.catalina.core.StandardEngine.startInternal Starting Servlet engine: [Apache Tomcat/9.0.98]
29-Dec-2024 16:04:56.351 INFORMACIÓN [main] org.apache.catalina.startup.HostConfig.deployWAR Despliegue del archivo [C:\apache\tomcat\catalina_bases\tomcat9_userguide_step2_v2\webapps\sample.war] de la aplicación web
29-Dec-2024 16:04:56.682 INFORMACIÓN [main] org.apache.catalina.startup.HostConfig.deployWAR Deployment of web application archive [C:\apache\tomcat\catalina_bases\tomcat9_userguide_step2_v2\webapps\sample.war] has finished in [331] ms
29-Dec-2024 16:04:56.682 INFORMACIÓN [main] org.apache.catalina.startup.HostConfig.deployDirectory Desplegando el directorio [C:\apache\tomcat\catalina_bases\tomcat9_userguide_step2_v2\webapps\docs] de la aplicación web
29-Dec-2024 16:04:56.713 INFORMACIÓN [main] org.apache.catalina.startup.HostConfig.deployDirectory Deployment of web application directory [C:\apache\tomcat\catalina_bases\tomcat9_userguide_step2_v2\webapps\docs] has finished in [31] ms
29-Dec-2024 16:04:56.713 INFORMACIÓN [main] org.apache.catalina.startup.HostConfig.deployDirectory Desplegando el directorio [C:\apache\tomcat\catalina_bases\tomcat9_userguide_step2_v2\webapps\examples] de la aplicación web
29-Dec-2024 16:04:56.964 INFORMACIÓN [main] org.apache.catalina.startup.HostConfig.deployDirectory Deployment of web application directory [C:\apache\tomcat\catalina_bases\tomcat9_userguide_step2_v2\webapps\examples] has finished in [251] ms
29-Dec-2024 16:04:56.964 INFORMACIÓN [main] org.apache.catalina.startup.HostConfig.deployDirectory Desplegando el directorio [C:\apache\tomcat\catalina_bases\tomcat9_userguide_step2_v2\webapps\host-manager] de la aplicación web
29-Dec-2024 16:04:56.982 INFORMACIÓN [main] org.apache.catalina.startup.HostConfig.deployDirectory Deployment of web application directory [C:\apache\tomcat\catalina_bases\tomcat9_userguide_step2_v2\webapps\host-manager] has finished in [18] ms
29-Dec-2024 16:04:56.982 INFORMACIÓN [main] org.apache.catalina.startup.HostConfig.deployDirectory Desplegando el directorio [C:\apache\tomcat\catalina_bases\tomcat9_userguide_step2_v2\webapps\manager] de la aplicación web
29-Dec-2024 16:04:56.995 INFORMACIÓN [main] org.apache.catalina.startup.HostConfig.deployDirectory Deployment of web application directory [C:\apache\tomcat\catalina_bases\tomcat9_userguide_step2_v2\webapps\manager] has finished in [13] ms
29-Dec-2024 16:04:57.011 INFORMACIÓN [main] org.apache.catalina.startup.HostConfig.deployDirectory Desplegando el directorio [C:\apache\tomcat\catalina_bases\tomcat9_userguide_step2_v2\webapps\ROOT] de la aplicación web
29-Dec-2024 16:04:57.027 INFORMACIÓN [main] org.apache.catalina.startup.HostConfig.deployDirectory Deployment of web application directory [C:\apache\tomcat\catalina_bases\tomcat9_userguide_step2_v2\webapps\ROOT] has finished in [16] ms
29-Dec-2024 16:04:57.027 INFORMACIÓN [main] org.apache.coyote.AbstractProtocol.start Starting ProtocolHandler ["http-nio-8080"]
29-Dec-2024 16:04:57.042 INFORMACIÓN [main] org.apache.catalina.startup.Catalina.start Server startup in [736] milliseconds
29-Dec-2024 16:06:29.174 INFORMACIÓN [main] org.apache.catalina.startup.VersionLoggerListener.log Nombre de la versión del servidor: Apache Tomcat/9.0.98
29-Dec-2024 16:06:29.174 INFORMACIÓN [main] org.apache.catalina.startup.VersionLoggerListener.log Server built:                      Dec 5 2024 19:50:29 UTC
29-Dec-2024 16:06:29.174 INFORMACIÓN [main] org.apache.catalina.startup.VersionLoggerListener.log Número de versión de servidor:     9.0.98.0
29-Dec-2024 16:06:29.174 INFORMACIÓN [main] org.apache.catalina.startup.VersionLoggerListener.log OS Name:                           Windows 11
29-Dec-2024 16:06:29.174 INFORMACIÓN [main] org.apache.catalina.startup.VersionLoggerListener.log Versión de Systema Operativo:      10.0
29-Dec-2024 16:06:29.174 INFORMACIÓN [main] org.apache.catalina.startup.VersionLoggerListener.log Arquitectura:                      x86
29-Dec-2024 16:06:29.174 INFORMACIÓN [main] org.apache.catalina.startup.VersionLoggerListener.log Java Home:                         C:\java\jdk8\jre
29-Dec-2024 16:06:29.174 INFORMACIÓN [main] org.apache.catalina.startup.VersionLoggerListener.log JVM Version:                       1.8.0_401-b10
29-Dec-2024 16:06:29.174 INFORMACIÓN [main] org.apache.catalina.startup.VersionLoggerListener.log Vededor JVM:                       Oracle Corporation
29-Dec-2024 16:06:29.174 INFORMACIÓN [main] org.apache.catalina.startup.VersionLoggerListener.log CATALINA_BASE:                     C:\apache\tomcat\catalina_bases\tomcat9_userguide_step2_v2
29-Dec-2024 16:06:29.174 INFORMACIÓN [main] org.apache.catalina.startup.VersionLoggerListener.log CATALINA_HOME:                     C:\apache\tomcat\apache-tomcat-9.0.98
29-Dec-2024 16:06:29.174 INFORMACIÓN [main] org.apache.catalina.startup.VersionLoggerListener.log Command line argument:             -Djava.util.logging.config.file=C:\apache\tomcat\catalina_bases\tomcat9_userguide_step2_v2\conf\logging.properties
29-Dec-2024 16:06:29.174 INFORMACIÓN [main] org.apache.catalina.startup.VersionLoggerListener.log Command line argument:             -Djava.util.logging.manager=org.apache.juli.ClassLoaderLogManager
29-Dec-2024 16:06:29.174 INFORMACIÓN [main] org.apache.catalina.startup.VersionLoggerListener.log Command line argument:             -Djdk.tls.ephemeralDHKeySize=2048
29-Dec-2024 16:06:29.174 INFORMACIÓN [main] org.apache.catalina.startup.VersionLoggerListener.log Command line argument:             -Djava.protocol.handler.pkgs=org.apache.catalina.webresources
29-Dec-2024 16:06:29.174 INFORMACIÓN [main] org.apache.catalina.startup.VersionLoggerListener.log Command line argument:             -Dignore.endorsed.dirs=
29-Dec-2024 16:06:29.174 INFORMACIÓN [main] org.apache.catalina.startup.VersionLoggerListener.log Command line argument:             -Dcatalina.base=C:\apache\tomcat\catalina_bases\tomcat9_userguide_step2_v2
29-Dec-2024 16:06:29.174 INFORMACIÓN [main] org.apache.catalina.startup.VersionLoggerListener.log Command line argument:             -Dcatalina.home=C:\apache\tomcat\apache-tomcat-9.0.98
29-Dec-2024 16:06:29.174 INFORMACIÓN [main] org.apache.catalina.startup.VersionLoggerListener.log Command line argument:             -Djava.io.tmpdir=C:\apache\tomcat\catalina_bases\tomcat9_userguide_step2_v2\temp
29-Dec-2024 16:06:29.190 INFORMACIÓN [main] org.apache.catalina.core.AprLifecycleListener.lifecycleEvent La biblioteca nativa de Apache Tomcat basada en ARP que permite un rendimiento óptimo en entornos de desarrollo no ha sido hallada en java.library.path: [C:\java\jdk8\jre\bin;C:\Windows\Sun\Java\bin;C:\Windows\system32;C:\Windows;C:\ProgramData\Oracle\Java\javapath;C:\java\jdk8;C:\Windows\system32;C:\Windows;C:\Windows\System32\Wbem;C:\Windows\System32\WindowsPowerShell\v1.0\;C:\Windows\System32\OpenSSH\;C:\Program Files (x86)\Common Files\Oracle\Java\javapath;C:\Users\thoma\AppData\Local\Microsoft\WindowsApps;C:\java\jdk8;;.]
29-Dec-2024 16:06:29.441 INFORMACIÓN [main] org.apache.coyote.AbstractProtocol.init Inicializando el manejador de protocolo ["http-nio-8080"]

29-Dec-2024 16:06:29.456 INFORMACIÓN [main] org.apache.catalina.startup.Catalina.load Server initialization in [429] milliseconds
29-Dec-2024 16:06:29.490 GRAVE [main] org.apache.catalina.users.MemoryUserDatabase.open El usuario de base de datos especificado [conf/tomcat-users.xml] no pudo ser encontrado
29-Dec-2024 16:06:29.490 INFORMACIÓN [main] org.apache.catalina.core.StandardService.startInternal Arrancando servicio [Catalina]
29-Dec-2024 16:06:29.490 INFORMACIÓN [main] org.apache.catalina.core.StandardEngine.startInternal Starting Servlet engine: [Apache Tomcat/9.0.98]
29-Dec-2024 16:06:29.504 INFORMACIÓN [main] org.apache.catalina.startup.HostConfig.deployWAR Despliegue del archivo [C:\apache\tomcat\catalina_bases\tomcat9_userguide_step2_v2\webapps\sample.war] de la aplicación web
29-Dec-2024 16:06:29.818 INFORMACIÓN [main] org.apache.catalina.startup.HostConfig.deployWAR Deployment of web application archive [C:\apache\tomcat\catalina_bases\tomcat9_userguide_step2_v2\webapps\sample.war] has finished in [314] ms
29-Dec-2024 16:06:29.818 INFORMACIÓN [main] org.apache.catalina.startup.HostConfig.deployDirectory Desplegando el directorio [C:\apache\tomcat\catalina_bases\tomcat9_userguide_step2_v2\webapps\docs] de la aplicación web
29-Dec-2024 16:06:29.850 INFORMACIÓN [main] org.apache.catalina.startup.HostConfig.deployDirectory Deployment of web application directory [C:\apache\tomcat\catalina_bases\tomcat9_userguide_step2_v2\webapps\docs] has finished in [32] ms
29-Dec-2024 16:06:29.850 INFORMACIÓN [main] org.apache.catalina.startup.HostConfig.deployDirectory Desplegando el directorio [C:\apache\tomcat\catalina_bases\tomcat9_userguide_step2_v2\webapps\examples] de la aplicación web
29-Dec-2024 16:06:30.091 INFORMACIÓN [main] org.apache.catalina.startup.HostConfig.deployDirectory Deployment of web application directory [C:\apache\tomcat\catalina_bases\tomcat9_userguide_step2_v2\webapps\examples] has finished in [241] ms
29-Dec-2024 16:06:30.091 INFORMACIÓN [main] org.apache.catalina.startup.HostConfig.deployDirectory Desplegando el directorio [C:\apache\tomcat\catalina_bases\tomcat9_userguide_step2_v2\webapps\host-manager] de la aplicación web
29-Dec-2024 16:06:30.119 INFORMACIÓN [main] org.apache.catalina.startup.HostConfig.deployDirectory Deployment of web application directory [C:\apache\tomcat\catalina_bases\tomcat9_userguide_step2_v2\webapps\host-manager] has finished in [28] ms
29-Dec-2024 16:06:30.119 INFORMACIÓN [main] org.apache.catalina.startup.HostConfig.deployDirectory Desplegando el directorio [C:\apache\tomcat\catalina_bases\tomcat9_userguide_step2_v2\webapps\manager] de la aplicación web
29-Dec-2024 16:06:30.134 INFORMACIÓN [main] org.apache.catalina.startup.HostConfig.deployDirectory Deployment of web application directory [C:\apache\tomcat\catalina_bases\tomcat9_userguide_step2_v2\webapps\manager] has finished in [15] ms
29-Dec-2024 16:06:30.134 INFORMACIÓN [main] org.apache.catalina.startup.HostConfig.deployDirectory Desplegando el directorio [C:\apache\tomcat\catalina_bases\tomcat9_userguide_step2_v2\webapps\ROOT] de la aplicación web
29-Dec-2024 16:06:30.166 INFORMACIÓN [main] org.apache.catalina.startup.HostConfig.deployDirectory Deployment of web application directory [C:\apache\tomcat\catalina_bases\tomcat9_userguide_step2_v2\webapps\ROOT] has finished in [32] ms
29-Dec-2024 16:06:30.166 INFORMACIÓN [main] org.apache.coyote.AbstractProtocol.start Starting ProtocolHandler ["http-nio-8080"]
29-Dec-2024 16:06:30.181 INFORMACIÓN [main] org.apache.catalina.startup.Catalina.start Server startup in [716] milliseconds
29-Dec-2024 16:22:20.845 INFORMACIÓN [main] org.apache.catalina.startup.VersionLoggerListener.log Nombre de la versión del servidor: Apache Tomcat/9.0.98
29-Dec-2024 16:22:20.845 INFORMACIÓN [main] org.apache.catalina.startup.VersionLoggerListener.log Server built:                      Dec 5 2024 19:50:29 UTC
29-Dec-2024 16:22:20.845 INFORMACIÓN [main] org.apache.catalina.startup.VersionLoggerListener.log Número de versión de servidor:     9.0.98.0
29-Dec-2024 16:22:20.845 INFORMACIÓN [main] org.apache.catalina.startup.VersionLoggerListener.log OS Name:                           Windows 11
29-Dec-2024 16:22:20.845 INFORMACIÓN [main] org.apache.catalina.startup.VersionLoggerListener.log Versión de Systema Operativo:      10.0
29-Dec-2024 16:22:20.845 INFORMACIÓN [main] org.apache.catalina.startup.VersionLoggerListener.log Arquitectura:                      x86
29-Dec-2024 16:22:20.845 INFORMACIÓN [main] org.apache.catalina.startup.VersionLoggerListener.log Java Home:                         C:\java\jdk8\jre
29-Dec-2024 16:22:20.845 INFORMACIÓN [main] org.apache.catalina.startup.VersionLoggerListener.log JVM Version:                       1.8.0_401-b10
29-Dec-2024 16:22:20.845 INFORMACIÓN [main] org.apache.catalina.startup.VersionLoggerListener.log Vededor JVM:                       Oracle Corporation
29-Dec-2024 16:22:20.845 INFORMACIÓN [main] org.apache.catalina.startup.VersionLoggerListener.log CATALINA_BASE:                     C:\apache\tomcat\catalina_bases\tomcat9_userguide_step2_v2
29-Dec-2024 16:22:20.845 INFORMACIÓN [main] org.apache.catalina.startup.VersionLoggerListener.log CATALINA_HOME:                     C:\apache\tomcat\apache-tomcat-9.0.98
29-Dec-2024 16:22:20.845 INFORMACIÓN [main] org.apache.catalina.startup.VersionLoggerListener.log Command line argument:             -Djava.util.logging.config.file=C:\apache\tomcat\catalina_bases\tomcat9_userguide_step2_v2\conf\logging.properties
29-Dec-2024 16:22:20.845 INFORMACIÓN [main] org.apache.catalina.startup.VersionLoggerListener.log Command line argument:             -Djava.util.logging.manager=org.apache.juli.ClassLoaderLogManager
29-Dec-2024 16:22:20.845 INFORMACIÓN [main] org.apache.catalina.startup.VersionLoggerListener.log Command line argument:             -Djdk.tls.ephemeralDHKeySize=2048
29-Dec-2024 16:22:20.845 INFORMACIÓN [main] org.apache.catalina.startup.VersionLoggerListener.log Command line argument:             -Djava.protocol.handler.pkgs=org.apache.catalina.webresources
29-Dec-2024 16:22:20.845 INFORMACIÓN [main] org.apache.catalina.startup.VersionLoggerListener.log Command line argument:             -Dignore.endorsed.dirs=
29-Dec-2024 16:22:20.859 INFORMACIÓN [main] org.apache.catalina.startup.VersionLoggerListener.log Command line argument:             -Dcatalina.base=C:\apache\tomcat\catalina_bases\tomcat9_userguide_step2_v2
29-Dec-2024 16:22:20.859 INFORMACIÓN [main] org.apache.catalina.startup.VersionLoggerListener.log Command line argument:             -Dcatalina.home=C:\apache\tomcat\apache-tomcat-9.0.98
29-Dec-2024 16:22:20.859 INFORMACIÓN [main] org.apache.catalina.startup.VersionLoggerListener.log Command line argument:             -Djava.io.tmpdir=C:\apache\tomcat\catalina_bases\tomcat9_userguide_step2_v2\temp
29-Dec-2024 16:22:20.859 INFORMACIÓN [main] org.apache.catalina.core.AprLifecycleListener.lifecycleEvent La biblioteca nativa de Apache Tomcat basada en ARP que permite un rendimiento óptimo en entornos de desarrollo no ha sido hallada en java.library.path: [C:\java\jdk8\jre\bin;C:\Windows\Sun\Java\bin;C:\Windows\system32;C:\Windows;C:\ProgramData\Oracle\Java\javapath;C:\java\jdk8;C:\Windows\system32;C:\Windows;C:\Windows\System32\Wbem;C:\Windows\System32\WindowsPowerShell\v1.0\;C:\Windows\System32\OpenSSH\;C:\Program Files (x86)\Common Files\Oracle\Java\javapath;C:\Users\thoma\AppData\Local\Microsoft\WindowsApps;C:\java\jdk8;;.]
29-Dec-2024 16:22:21.094 INFORMACIÓN [main] org.apache.coyote.AbstractProtocol.init Inicializando el manejador de protocolo ["http-nio-8080"]

29-Dec-2024 16:22:21.109 INFORMACIÓN [main] org.apache.catalina.startup.Catalina.load Server initialization in [417] milliseconds
29-Dec-2024 16:22:21.146 GRAVE [main] org.apache.catalina.users.MemoryUserDatabase.open El usuario de base de datos especificado [conf/tomcat-users.xml] no pudo ser encontrado
29-Dec-2024 16:22:21.146 INFORMACIÓN [main] org.apache.catalina.core.StandardService.startInternal Arrancando servicio [Catalina]
29-Dec-2024 16:22:21.146 INFORMACIÓN [main] org.apache.catalina.core.StandardEngine.startInternal Starting Servlet engine: [Apache Tomcat/9.0.98]
29-Dec-2024 16:22:21.172 INFORMACIÓN [main] org.apache.catalina.startup.HostConfig.deployWAR Despliegue del archivo [C:\apache\tomcat\catalina_bases\tomcat9_userguide_step2_v2\webapps\sample.war] de la aplicación web
29-Dec-2024 16:22:21.488 ADVERTENCIA [main] org.apache.catalina.util.SessionIdGeneratorBase.createSecureRandom Creation of SecureRandom instance for session ID generation using [SHA1PRNG] took [112] milliseconds.
29-Dec-2024 16:22:21.504 INFORMACIÓN [main] org.apache.catalina.startup.HostConfig.deployWAR Deployment of web application archive [C:\apache\tomcat\catalina_bases\tomcat9_userguide_step2_v2\webapps\sample.war] has finished in [332] ms
29-Dec-2024 16:22:21.504 INFORMACIÓN [main] org.apache.catalina.startup.HostConfig.deployDirectory Desplegando el directorio [C:\apache\tomcat\catalina_bases\tomcat9_userguide_step2_v2\webapps\docs] de la aplicación web
29-Dec-2024 16:22:21.519 INFORMACIÓN [main] org.apache.catalina.startup.HostConfig.deployDirectory Deployment of web application directory [C:\apache\tomcat\catalina_bases\tomcat9_userguide_step2_v2\webapps\docs] has finished in [15] ms
29-Dec-2024 16:22:21.519 INFORMACIÓN [main] org.apache.catalina.startup.HostConfig.deployDirectory Desplegando el directorio [C:\apache\tomcat\catalina_bases\tomcat9_userguide_step2_v2\webapps\examples] de la aplicación web
29-Dec-2024 16:22:21.755 INFORMACIÓN [main] org.apache.catalina.startup.HostConfig.deployDirectory Deployment of web application directory [C:\apache\tomcat\catalina_bases\tomcat9_userguide_step2_v2\webapps\examples] has finished in [236] ms
29-Dec-2024 16:22:21.755 INFORMACIÓN [main] org.apache.catalina.startup.HostConfig.deployDirectory Desplegando el directorio [C:\apache\tomcat\catalina_bases\tomcat9_userguide_step2_v2\webapps\host-manager] de la aplicación web
29-Dec-2024 16:22:21.787 INFORMACIÓN [main] org.apache.catalina.startup.HostConfig.deployDirectory Deployment of web application directory [C:\apache\tomcat\catalina_bases\tomcat9_userguide_step2_v2\webapps\host-manager] has finished in [32] ms
29-Dec-2024 16:22:21.787 INFORMACIÓN [main] org.apache.catalina.startup.HostConfig.deployDirectory Desplegando el directorio [C:\apache\tomcat\catalina_bases\tomcat9_userguide_step2_v2\webapps\manager] de la aplicación web
29-Dec-2024 16:22:21.803 INFORMACIÓN [main] org.apache.catalina.startup.HostConfig.deployDirectory Deployment of web application directory [C:\apache\tomcat\catalina_bases\tomcat9_userguide_step2_v2\webapps\manager] has finished in [16] ms
29-Dec-2024 16:22:21.803 INFORMACIÓN [main] org.apache.catalina.startup.HostConfig.deployDirectory Desplegando el directorio [C:\apache\tomcat\catalina_bases\tomcat9_userguide_step2_v2\webapps\ROOT] de la aplicación web
29-Dec-2024 16:22:21.834 INFORMACIÓN [main] org.apache.catalina.startup.HostConfig.deployDirectory Deployment of web application directory [C:\apache\tomcat\catalina_bases\tomcat9_userguide_step2_v2\webapps\ROOT] has finished in [31] ms
29-Dec-2024 16:22:21.846 INFORMACIÓN [main] org.apache.coyote.AbstractProtocol.start Starting ProtocolHandler ["http-nio-8080"]
29-Dec-2024 16:22:21.850 INFORMACIÓN [main] org.apache.catalina.startup.Catalina.start Server startup in [738] milliseconds
